[expand:schema,names, startAt:0, maxResults:1000, total:104, issues:[
[expand:operations,versionedRepresentations,editmeta,changelog,renderedFields, id:606901, self:https://jira.analog.com/rest/api/2/issue/606901, key:GTSQA-111, fields:[summary:[ZED-FMCOMMS2-3] MATLAB Toolbox tests failed]],
[expand:operations,versionedRepresentations,editmeta,changelog,renderedFields, id:606814, self:https://jira.analog.com/rest/api/2/issue/606814, key:GTSQA-110, fields:[summary:[ZED-FMCOMMS2-3] Python tests failed]],
[expand:operations,versionedRepresentations,editmeta,changelog,renderedFields, id:606900, self:https://jira.analog.com/rest/api/2/issue/606900, key:GTSQA-109, fields:[summary:[ZED-FMCOMMS2-3] Linux test failed]],
[expand:operations,versionedRepresentations,editmeta,changelog,renderedFields, id:606813, self:https://jira.analog.com/rest/api/2/issue/606813, key:GTSQA-108, fields:[summary:[ZED-FMCOMMS2-3] Linux prompt not reached]],
[expand:operations,versionedRepresentations,editmeta,changelog,renderedFields, id:606610, self:https://jira.analog.com/rest/api/2/issue/606610, key:GTSQA-107, fields:[summary:[ZED-FMCOMMS2-3] kernel not starting]],
[expand:operations,versionedRepresentations,editmeta,changelog,renderedFields, id:606399, self:https://jira.analog.com/rest/api/2/issue/606399, key:GTSQA-106, fields:[summary:[ZED-FMCOMMS2-3] uboot not reached]],
[expand:operations,versionedRepresentations,editmeta,changelog,renderedFields, id:606812, self:https://jira.analog.com/rest/api/2/issue/606812, key:GTSQA-105, fields:[summary:[ZED-FMCDAQ2] MATLAB Toolbox tests failed]],
[expand:operations,versionedRepresentations,editmeta,changelog,renderedFields, id:606398, self:https://jira.analog.com/rest/api/2/issue/606398, key:GTSQA-104, fields:[summary:[ZED-FMCDAQ2] Python tests failed]],
[expand:operations,versionedRepresentations,editmeta,changelog,renderedFields, id:606609, self:https://jira.analog.com/rest/api/2/issue/606609, key:GTSQA-103, fields:[summary:[ZED-FMCDAQ2] Linux test failed]],
[expand:operations,versionedRepresentations,editmeta,changelog,renderedFields, id:606811, self:https://jira.analog.com/rest/api/2/issue/606811, key:GTSQA-102, fields:[summary:[ZED-FMCDAQ2] Linux prompt not reached]],
[expand:operations,versionedRepresentations,editmeta,changelog,renderedFields, id:606397, self:https://jira.analog.com/rest/api/2/issue/606397, key:GTSQA-101, fields:[summary:[ZED-FMCDAQ2] kernel not starting]],
[expand:operations,versionedRepresentations,editmeta,changelog,renderedFields, id:606810, self:https://jira.analog.com/rest/api/2/issue/606810, key:GTSQA-100, fields:[summary:[ZED-FMCDAQ2] uboot not reached]],
[expand:operations,versionedRepresentations,editmeta,changelog,renderedFields, id:606396, self:https://jira.analog.com/rest/api/2/issue/606396, key:GTSQA-99, fields:[summary:[ZC706-FMCOMMS2-3] MATLAB Toolbox tests failed]],
[expand:operations,versionedRepresentations,editmeta,changelog,renderedFields, id:606608, self:https://jira.analog.com/rest/api/2/issue/606608, key:GTSQA-98, fields:[summary:[ZC706-FMCOMMS2-3] Python tests failed]],
[expand:operations,versionedRepresentations,editmeta,changelog,renderedFields, id:606809, self:https://jira.analog.com/rest/api/2/issue/606809, key:GTSQA-97, fields:[summary:[ZC706-FMCOMMS2-3] Linux test failed]],
[expand:operations,versionedRepresentations,editmeta,changelog,renderedFields, id:606607, self:https://jira.analog.com/rest/api/2/issue/606607, key:GTSQA-96, fields:[summary:[ZC706-FMCOMMS2-3] Linux prompt not reached]],
[expand:operations,versionedRepresentations,editmeta,changelog,renderedFields, id:606808, self:https://jira.analog.com/rest/api/2/issue/606808, key:GTSQA-95, fields:[summary:[ZC706-FMCOMMS2-3] kernel not starting]],
[expand:operations,versionedRepresentations,editmeta,changelog,renderedFields, id:606395, self:https://jira.analog.com/rest/api/2/issue/606395, key:GTSQA-94, fields:[summary:[ZC706-FMCOMMS2-3] uboot not reached]],
[expand:operations,versionedRepresentations,editmeta,changelog,renderedFields, id:606606, self:https://jira.analog.com/rest/api/2/issue/606606, key:GTSQA-93, fields:[summary:[ZC706-FMCDAQ2] MATLAB Toolbox tests failed]],
[expand:operations,versionedRepresentations,editmeta,changelog,renderedFields, id:606394, self:https://jira.analog.com/rest/api/2/issue/606394, key:GTSQA-92, fields:[summary:[ZC706-FMCDAQ2] Python tests failed]],
[expand:operations,versionedRepresentations,editmeta,changelog,renderedFields, id:606807, self:https://jira.analog.com/rest/api/2/issue/606807, key:GTSQA-91, fields:[summary:[ZC706-FMCDAQ2] Linux test failed]],
[expand:operations,versionedRepresentations,editmeta,changelog,renderedFields, id:606605, self:https://jira.analog.com/rest/api/2/issue/606605, key:GTSQA-90, fields:[summary:[ZC706-FMCDAQ2] Linux prompt not reached]],
[expand:operations,versionedRepresentations,editmeta,changelog,renderedFields, id:606393, self:https://jira.analog.com/rest/api/2/issue/606393, key:GTSQA-89, fields:[summary:[ZC706-FMCDAQ2] kernel not starting]],
[expand:operations,versionedRepresentations,editmeta,changelog,renderedFields, id:606604, self:https://jira.analog.com/rest/api/2/issue/606604, key:GTSQA-88, fields:[summary:[ZC706-FMCDAQ2] uboot not reached]],
[expand:operations,versionedRepresentations,editmeta,changelog,renderedFields, id:603832, self:https://jira.analog.com/rest/api/2/issue/603832, key:GTSQA-85, fields:[summary:New Jira ticket created from Jenkins]],
[expand:operations,versionedRepresentations,editmeta,changelog,renderedFields, id:605172, self:https://jira.analog.com/rest/api/2/issue/605172, key:GTSQA-84, fields:[summary:Jenkins-Jira integration]],
[expand:operations,versionedRepresentations,editmeta,changelog,renderedFields, id:547959, self:https://jira.analog.com/rest/api/2/issue/547959, key:GTSQA-83, fields:[summary:[Board Farm] Send elastic status of board after test ]],
[expand:operations,versionedRepresentations,editmeta,changelog,renderedFields, id:547926, self:https://jira.analog.com/rest/api/2/issue/547926, key:GTSQA-81, fields:[summary:[Board Farm] ERROR: HTTP error 502 while downloading package from local devpi server]],
[expand:operations,versionedRepresentations,editmeta,changelog,renderedFields, id:547925, self:https://jira.analog.com/rest/api/2/issue/547925, key:GTSQA-80, fields:[summary:[Board Farm] JTAG not Found error on occasional jobs]],
[expand:operations,versionedRepresentations,editmeta,changelog,renderedFields, id:547924, self:https://jira.analog.com/rest/api/2/issue/547924, key:GTSQA-79, fields:[summary:[Board Farm] dmesg retrieval issue for pluto]],
[expand:operations,versionedRepresentations,editmeta,changelog,renderedFields, id:547923, self:https://jira.analog.com/rest/api/2/issue/547923, key:GTSQA-78, fields:[summary:[Board Farm] Cannot invoke contains() on null object]],
[expand:operations,versionedRepresentations,editmeta,changelog,renderedFields, id:547922, self:https://jira.analog.com/rest/api/2/issue/547922, key:GTSQA-77, fields:[summary:[Board Farm] Filter valid failure for elastic logging]],
[expand:operations,versionedRepresentations,editmeta,changelog,renderedFields, id:547921, self:https://jira.analog.com/rest/api/2/issue/547921, key:GTSQA-76, fields:[summary:[Board Farm] Include reason of failure in elastic log]],
[expand:operations,versionedRepresentations,editmeta,changelog,renderedFields, id:547920, self:https://jira.analog.com/rest/api/2/issue/547920, key:GTSQA-75, fields:[summary:[Board Farm] Include artifactory hash infos  to elastic logs]],
[expand:operations,versionedRepresentations,editmeta,changelog,renderedFields, id:547919, self:https://jira.analog.com/rest/api/2/issue/547919, key:GTSQA-74, fields:[summary:[Board Farm] Archive uart logs on test pipelines]],
[expand:operations,versionedRepresentations,editmeta,changelog,renderedFields, id:547916, self:https://jira.analog.com/rest/api/2/issue/547916, key:GTSQA-73, fields:[summary:[Board Farm] Flask based elastic dashboard]],
[expand:operations,versionedRepresentations,editmeta,changelog,renderedFields, id:547911, self:https://jira.analog.com/rest/api/2/issue/547911, key:GTSQA-72, fields:[summary:[Board Farm] Manage test pipelines in SCM]],
[expand:operations,versionedRepresentations,editmeta,changelog,renderedFields, id:544320, self:https://jira.analog.com/rest/api/2/issue/544320, key:GTSQA-71, fields:[summary:[Board Farm]  expected to call sdg.FailSafeWrapper.call but wound up catching sdg.FailSafeWrapper.invokeMethod]],
[expand:operations,versionedRepresentations,editmeta,changelog,renderedFields, id:539075, self:https://jira.analog.com/rest/api/2/issue/539075, key:GTSQA-70, fields:[summary:[Board Farm] Implement and test recover board stage]],
[expand:operations,versionedRepresentations,editmeta,changelog,renderedFields, id:539074, self:https://jira.analog.com/rest/api/2/issue/539074, key:GTSQA-69, fields:[summary:[Board Farm] Pipeline Flow Chart Documentation]],
[expand:operations,versionedRepresentations,editmeta,changelog,renderedFields, id:539073, self:https://jira.analog.com/rest/api/2/issue/539073, key:GTSQA-68, fields:[summary:[Board Farm] Fix pluto network issue when in docker container]],
[expand:operations,versionedRepresentations,editmeta,changelog,renderedFields, id:505379, self:https://jira.analog.com/rest/api/2/issue/505379, key:GTSQA-67, fields:[summary:[Board Farm] Integrate elastic search to current test harness]],
[expand:operations,versionedRepresentations,editmeta,changelog,renderedFields, id:505378, self:https://jira.analog.com/rest/api/2/issue/505378, key:GTSQA-66, fields:[summary:[Board Farm] Integrate elastic search to current test harness]],
[expand:operations,versionedRepresentations,editmeta,changelog,renderedFields, id:504660, self:https://jira.analog.com/rest/api/2/issue/504660, key:GTSQA-65, fields:[summary:[Testing][Board Farm] Segmation fault in an existing zc706+fmcomms5 pyadi-iio test]],
[expand:operations,versionedRepresentations,editmeta,changelog,renderedFields, id:500097, self:https://jira.analog.com/rest/api/2/issue/500097, key:GTSQA-64, fields:[summary:[Board Farm] Deploy ADRV9364-CCBOB to Board Farm]],
[expand:operations,versionedRepresentations,editmeta,changelog,renderedFields, id:500074, self:https://jira.analog.com/rest/api/2/issue/500074, key:GTSQA-63, fields:[summary:[Board Farm] Deploy ADRV9361-CCBOB to Board Farm]],
[expand:operations,versionedRepresentations,editmeta,changelog,renderedFields, id:500065, self:https://jira.analog.com/rest/api/2/issue/500065, key:GTSQA-62, fields:[summary:[Board Farm] Deploy FMCOMMS4-Zed to Board Farm]],
[expand:operations,versionedRepresentations,editmeta,changelog,renderedFields, id:500064, self:https://jira.analog.com/rest/api/2/issue/500064, key:GTSQA-61, fields:[summary:[Board Farm] Deploy FMCOMMS4-Zed to Board Farm]],
[expand:operations,versionedRepresentations,editmeta,changelog,renderedFields, id:500063, self:https://jira.analog.com/rest/api/2/issue/500063, key:GTSQA-60, fields:[summary:[Board Farm] Deploy Pluto to board farm]],
[expand:operations,versionedRepresentations,editmeta,changelog,renderedFields, id:500062, self:https://jira.analog.com/rest/api/2/issue/500062, key:GTSQA-59, fields:[summary:[Board Farm] Deploy one zc706 project to Board Farm]],
[expand:operations,versionedRepresentations,editmeta,changelog,renderedFields, id:500061, self:https://jira.analog.com/rest/api/2/issue/500061, key:GTSQA-58, fields:[summary:[Board Farm] AD9371 PyTest]],
[expand:operations,versionedRepresentations,editmeta,changelog,renderedFields, id:500060, self:https://jira.analog.com/rest/api/2/issue/500060, key:GTSQA-57, fields:[summary:[Board Farm] Deploy DAQ2-ZC706 to board farm]],
[expand:operations,versionedRepresentations,editmeta,changelog,renderedFields, id:500059, self:https://jira.analog.com/rest/api/2/issue/500059, key:GTSQA-56, fields:[summary:[Board Farm] Deploy ADRV9361-CCFMC to board farm]],
[expand:operations,versionedRepresentations,editmeta,changelog,renderedFields, id:500058, self:https://jira.analog.com/rest/api/2/issue/500058, key:GTSQA-55, fields:[summary:[Board Farm] Deploy FMCOMMS3-ZED to board farm]],
[expand:operations,versionedRepresentations,editmeta,changelog,renderedFields, id:500057, self:https://jira.analog.com/rest/api/2/issue/500057, key:GTSQA-54, fields:[summary:Do inventory of all boards]],
[expand:operations,versionedRepresentations,editmeta,changelog,renderedFields, id:500055, self:https://jira.analog.com/rest/api/2/issue/500055, key:GTSQA-53, fields:[summary:Do inventory of all boards]],
[expand:operations,versionedRepresentations,editmeta,changelog,renderedFields, id:499449, self:https://jira.analog.com/rest/api/2/issue/499449, key:GTSQA-52, fields:[summary:[Board Farm] Deploy new boards to test harness]],
[expand:operations,versionedRepresentations,editmeta,changelog,renderedFields, id:499445, self:https://jira.analog.com/rest/api/2/issue/499445, key:GTSQA-51, fields:[summary:[Board farm] Configure Travis' Netbox Instance]],
[expand:operations,versionedRepresentations,editmeta,changelog,renderedFields, id:497049, self:https://jira.analog.com/rest/api/2/issue/497049, key:GTSQA-50, fields:[summary:[Board Farm] Install and configure netbox on local servers]],
[expand:operations,versionedRepresentations,editmeta,changelog,renderedFields, id:497048, self:https://jira.analog.com/rest/api/2/issue/497048, key:GTSQA-49, fields:[summary:[Board Farm] Install Elasticsearch + Kibana environment on local servers]],
[expand:operations,versionedRepresentations,editmeta,changelog,renderedFields, id:495478, self:https://jira.analog.com/rest/api/2/issue/495478, key:GTSQA-48, fields:[summary:[Board Farm] Try RPI4 as DUT]],
[expand:operations,versionedRepresentations,editmeta,changelog,renderedFields, id:495419, self:https://jira.analog.com/rest/api/2/issue/495419, key:GTSQA-47, fields:[summary:[Board Farm] Deploy ADRV9002-Zed to Board Farm]],
[expand:operations,versionedRepresentations,editmeta,changelog,renderedFields, id:495416, self:https://jira.analog.com/rest/api/2/issue/495416, key:GTSQA-46, fields:[summary:[Board Farm] Experiment on De10-Nano ]],
[expand:operations,versionedRepresentations,editmeta,changelog,renderedFields, id:495414, self:https://jira.analog.com/rest/api/2/issue/495414, key:GTSQA-45, fields:[summary:[Board Farm] Try Cora7s]],
[expand:operations,versionedRepresentations,editmeta,changelog,renderedFields, id:494882, self:https://jira.analog.com/rest/api/2/issue/494882, key:GTSQA-44, fields:[summary:SDG Training Material: Source Control]],
[expand:operations,versionedRepresentations,editmeta,changelog,renderedFields, id:494881, self:https://jira.analog.com/rest/api/2/issue/494881, key:GTSQA-43, fields:[summary:SDG Training Material: Command Line Basics]],
[expand:operations,versionedRepresentations,editmeta,changelog,renderedFields, id:494880, self:https://jira.analog.com/rest/api/2/issue/494880, key:GTSQA-42, fields:[summary:SDG Training Material: Text Editor]],
[expand:operations,versionedRepresentations,editmeta,changelog,renderedFields, id:494879, self:https://jira.analog.com/rest/api/2/issue/494879, key:GTSQA-41, fields:[summary:RC9 Smoke Test on VC707]],
[expand:operations,versionedRepresentations,editmeta,changelog,renderedFields, id:494874, self:https://jira.analog.com/rest/api/2/issue/494874, key:GTSQA-39, fields:[summary:RC9 Smoke Test on ZC702]],
[expand:operations,versionedRepresentations,editmeta,changelog,renderedFields, id:491083, self:https://jira.analog.com/rest/api/2/issue/491083, key:GTSQA-38, fields:[summary:[Board Farm] Make Test Case for CN0540]],
[expand:operations,versionedRepresentations,editmeta,changelog,renderedFields, id:490060, self:https://jira.analog.com/rest/api/2/issue/490060, key:GTSQA-37, fields:[summary:[Board Farm] New folder structure ]],
[expand:operations,versionedRepresentations,editmeta,changelog,renderedFields, id:490054, self:https://jira.analog.com/rest/api/2/issue/490054, key:GTSQA-36, fields:[summary:[Board Farm] Separate out agent tooling updates from harness jobs]],
[expand:operations,versionedRepresentations,editmeta,changelog,renderedFields, id:490011, self:https://jira.analog.com/rest/api/2/issue/490011, key:GTSQA-35, fields:[summary:[Testing][Release] 2019R2 RC9]],
[expand:operations,versionedRepresentations,editmeta,changelog,renderedFields, id:490006, self:https://jira.analog.com/rest/api/2/issue/490006, key:GTSQA-34, fields:[summary:[Board Farm] Experiment : Update jenkins library not to fail early]],
[expand:operations,versionedRepresentations,editmeta,changelog,renderedFields, id:489677, self:https://jira.analog.com/rest/api/2/issue/489677, key:GTSQA-33, fields:[summary:[Board Farm][Jenkins Shared Library] linuxBranch param not used]],
[expand:operations,versionedRepresentations,editmeta,changelog,renderedFields, id:489148, self:https://jira.analog.com/rest/api/2/issue/489148, key:GTSQA-32, fields:[summary:[Board Farm][Test Automation] Integrate libad9361 test to test pipeline.]],
[expand:operations,versionedRepresentations,editmeta,changelog,renderedFields, id:488572, self:https://jira.analog.com/rest/api/2/issue/488572, key:GTSQA-31, fields:[summary:[Board Farm] Debug ADRV9009's PyTest]],
[expand:operations,versionedRepresentations,editmeta,changelog,renderedFields, id:487986, self:https://jira.analog.com/rest/api/2/issue/487986, key:GTSQA-30, fields:[summary:[Board Farm] Try to use artifactory in pipeline]],
[expand:operations,versionedRepresentations,editmeta,changelog,renderedFields, id:487385, self:https://jira.analog.com/rest/api/2/issue/487385, key:GTSQA-29, fields:[summary:[OTHERS] Try EVAL-CN0506-FMCZ automated testing ]],
[expand:operations,versionedRepresentations,editmeta,changelog,renderedFields, id:486611, self:https://jira.analog.com/rest/api/2/issue/486611, key:GTSQA-28, fields:[summary:[Board Farm] Cache Server]],
[expand:operations,versionedRepresentations,editmeta,changelog,renderedFields, id:486597, self:https://jira.analog.com/rest/api/2/issue/486597, key:GTSQA-27, fields:[summary:[Board Farm] Finalize First Draft of Slides]],
[expand:operations,versionedRepresentations,editmeta,changelog,renderedFields, id:486336, self:https://jira.analog.com/rest/api/2/issue/486336, key:GTSQA-26, fields:[summary:Embedded Systems Refresher]],
[expand:operations,versionedRepresentations,editmeta,changelog,renderedFields, id:486335, self:https://jira.analog.com/rest/api/2/issue/486335, key:GTSQA-25, fields:[summary:Schematic/PCB and HLM Process Short Course]],
[expand:operations,versionedRepresentations,editmeta,changelog,renderedFields, id:486326, self:https://jira.analog.com/rest/api/2/issue/486326, key:GTSQA-24, fields:[summary:Merge vGTC demo draft]],
[expand:operations,versionedRepresentations,editmeta,changelog,renderedFields, id:486324, self:https://jira.analog.com/rest/api/2/issue/486324, key:GTSQA-23, fields:[summary:Setup repos for automated tests]],
[expand:operations,versionedRepresentations,editmeta,changelog,renderedFields, id:486322, self:https://jira.analog.com/rest/api/2/issue/486322, key:GTSQA-22, fields:[summary:Manual test ZC706-FMCOMMS4]],
[expand:operations,versionedRepresentations,editmeta,changelog,renderedFields, id:485848, self:https://jira.analog.com/rest/api/2/issue/485848, key:GTSQA-21, fields:[summary:[Board Farm] Hardware + Network + Power Requirements]],
[expand:operations,versionedRepresentations,editmeta,changelog,renderedFields, id:485313, self:https://jira.analog.com/rest/api/2/issue/485313, key:GTSQA-20, fields:[summary:[Board Farm] Physical Setup]],
[expand:operations,versionedRepresentations,editmeta,changelog,renderedFields, id:485307, self:https://jira.analog.com/rest/api/2/issue/485307, key:GTSQA-19, fields:[summary:[Board Farm] Roadmap]],
[expand:operations,versionedRepresentations,editmeta,changelog,renderedFields, id:485306, self:https://jira.analog.com/rest/api/2/issue/485306, key:GTSQA-18, fields:[summary:[Board Farm] Software Infra Tasks]],
[expand:operations,versionedRepresentations,editmeta,changelog,renderedFields, id:485227, self:https://jira.analog.com/rest/api/2/issue/485227, key:GTSQA-17, fields:[summary:[Board Farm] Project Introduction]],
[expand:operations,versionedRepresentations,editmeta,changelog,renderedFields, id:485226, self:https://jira.analog.com/rest/api/2/issue/485226, key:GTSQA-16, fields:[summary:[Board Farm] Mission and Vision]],
[expand:operations,versionedRepresentations,editmeta,changelog,renderedFields, id:485225, self:https://jira.analog.com/rest/api/2/issue/485225, key:GTSQA-15, fields:[summary:[TRAINING] GT-SQA Onboarding Materials]],
[expand:operations,versionedRepresentations,editmeta,changelog,renderedFields, id:485165, self:https://jira.analog.com/rest/api/2/issue/485165, key:GTSQA-14, fields:[summary:[Board Farm] Test multiple target device on a x86 agent]],
[expand:operations,versionedRepresentations,editmeta,changelog,renderedFields, id:484579, self:https://jira.analog.com/rest/api/2/issue/484579, key:GTSQA-13, fields:[summary:[Board Farm] Migrate setup_node.sh to an ansible script]],
[expand:operations,versionedRepresentations,editmeta,changelog,renderedFields, id:484193, self:https://jira.analog.com/rest/api/2/issue/484193, key:GTSQA-12, fields:[summary:[Board Farm] List boards with no pyadi-iio tests yet]],
[expand:operations,versionedRepresentations,editmeta,changelog,renderedFields, id:483900, self:https://jira.analog.com/rest/api/2/issue/483900, key:GTSQA-8, fields:[summary:[SCOPY] Update General Settings test case]],
[expand:operations,versionedRepresentations,editmeta,changelog,renderedFields, id:483345, self:https://jira.analog.com/rest/api/2/issue/483345, key:GTSQA-7, fields:[summary:[OTHERS] Check Product Pages in analog.com]],
[expand:operations,versionedRepresentations,editmeta,changelog,renderedFields, id:483342, self:https://jira.analog.com/rest/api/2/issue/483342, key:GTSQA-6, fields:[summary:[Board Farm] Setup Jenkins agent on x86 Linux Machine ]],
[expand:operations,versionedRepresentations,editmeta,changelog,renderedFields, id:483309, self:https://jira.analog.com/rest/api/2/issue/483309, key:GTSQA-5, fields:[summary:[SCOPY] Update logic analyzer test case]],
[expand:operations,versionedRepresentations,editmeta,changelog,renderedFields, id:483307, self:https://jira.analog.com/rest/api/2/issue/483307, key:GTSQA-4, fields:[summary:[SCOPY] Update pattern generator test case]],
[expand:operations,versionedRepresentations,editmeta,changelog,renderedFields, id:483260, self:https://jira.analog.com/rest/api/2/issue/483260, key:GTSQA-3, fields:[summary:[Board Farm] SLT Presentation]],
[expand:operations,versionedRepresentations,editmeta,changelog,renderedFields, id:482279, self:https://jira.analog.com/rest/api/2/issue/482279, key:GTSQA-2, fields:[summary:[Board Farm] Fix setup agent shell script]],
[expand:operations,versionedRepresentations,editmeta,changelog,renderedFields, id:482265, self:https://jira.analog.com/rest/api/2/issue/482265, key:GTSQA-1, fields:[summary:[TRAINING] Try manual testing]]]]